rm: cannot remove 'box_loc_19.iqtree': No such file or directory
rm: cannot remove 'box_loc_19.model*': No such file or directory
rm: cannot remove 'box_loc_19.log': No such file or directory
rm: cannot remove 'box_loc_19.bionj': No such file or directory
rm: cannot remove 'box_loc_19.mldist': No such file or directory
rm: cannot remove 'box_loc_18.iqtree': No such file or directory
rm: cannot remove 'box_loc_18.model*': No such file or directory
rm: cannot remove 'box_loc_18.log': No such file or directory
rm: cannot remove 'box_loc_18.bionj': No such file or directory
rm: cannot remove 'box_loc_18.mldist': No such file or directory
rm: cannot remove 'box_loc_1.iqtree': No such file or directory
rm: cannot remove 'box_loc_1.model*': No such file or directory
rm: cannot remove 'box_loc_1.log': No such file or directory
rm: cannot remove 'box_loc_1.bionj': No such file or directory
rm: cannot remove 'box_loc_1.mldist': No such file or directory
rm: cannot remove 'box_loc_8.iqtree': No such file or directory
rm: cannot remove 'box_loc_8.model*': No such file or directory
rm: cannot remove 'box_loc_8.log': No such file or directory
rm: cannot remove 'box_loc_8.bionj': No such file or directory
rm: cannot remove 'box_loc_8.mldist': No such file or directory
rm: cannot remove 'box_loc_13.iqtree': No such file or directory
rm: cannot remove 'box_loc_13.model*': No such file or directory
rm: cannot remove 'box_loc_13.log': No such file or directory
rm: cannot remove 'box_loc_13.bionj': No such file or directory
rm: cannot remove 'box_loc_13.mldist': No such file or directory
rm: cannot remove 'box_loc_12.iqtree': No such file or directory
rm: cannot remove 'box_loc_12.model*': No such file or directory
rm: cannot remove 'box_loc_12.log': No such file or directory
rm: cannot remove 'box_loc_12.bionj': No such file or directory
rm: cannot remove 'box_loc_12.mldist': No such file or directory
rm: cannot remove 'box_loc_15.iqtree': No such file or directory
rm: cannot remove 'box_loc_15.model*': No such file or directory
rm: cannot remove 'box_loc_15.log': No such file or directory
rm: cannot remove 'box_loc_15.bionj': No such file or directory
rm: cannot remove 'box_loc_15.mldist': No such file or directory
rm: cannot remove 'box_loc_14.iqtree': No such file or directory
rm: cannot remove 'box_loc_14.model*': No such file or directory
rm: cannot remove 'box_loc_14.log': No such file or directory
rm: cannot remove 'box_loc_14.bionj': No such file or directory
rm: cannot remove 'box_loc_14.mldist': No such file or directory
rm: cannot remove 'box_loc_17.iqtree': No such file or directory
rm: cannot remove 'box_loc_17.model*': No such file or directory
rm: cannot remove 'box_loc_17.log': No such file or directory
rm: cannot remove 'box_loc_17.bionj': No such file or directory
rm: cannot remove 'box_loc_17.mldist': No such file or directory
rm: cannot remove 'box_loc_7.iqtree': No such file or directory
rm: cannot remove 'box_loc_7.model*': No such file or directory
rm: cannot remove 'box_loc_7.log': No such file or directory
rm: cannot remove 'box_loc_7.bionj': No such file or directory
rm: cannot remove 'box_loc_7.mldist': No such file or directory
rm: cannot remove 'box_loc_5.iqtree': No such file or directory
rm: cannot remove 'box_loc_5.model*': No such file or directory
rm: cannot remove 'box_loc_5.log': No such file or directory
rm: cannot remove 'box_loc_5.bionj': No such file or directory
rm: cannot remove 'box_loc_5.mldist': No such file or directory
rm: cannot remove 'box_loc_2.iqtree': No such file or directory
rm: cannot remove 'box_loc_2.model*': No such file or directory
rm: cannot remove 'box_loc_2.log': No such file or directory
rm: cannot remove 'box_loc_2.bionj': No such file or directory
rm: cannot remove 'box_loc_2.mldist': No such file or directory
rm: cannot remove 'box_loc_9.iqtree': No such file or directory
rm: cannot remove 'box_loc_9.model*': No such file or directory
rm: cannot remove 'box_loc_9.log': No such file or directory
rm: cannot remove 'box_loc_9.bionj': No such file or directory
rm: cannot remove 'box_loc_9.mldist': No such file or directory
rm: cannot remove 'box_loc_11.iqtree': No such file or directory
rm: cannot remove 'box_loc_11.model*': No such file or directory
rm: cannot remove 'box_loc_11.log': No such file or directory
rm: cannot remove 'box_loc_11.bionj': No such file or directory
rm: cannot remove 'box_loc_11.mldist': No such file or directory
rm: cannot remove 'box_loc_4.iqtree': No such file or directory
rm: cannot remove 'box_loc_4.model*': No such file or directory
rm: cannot remove 'box_loc_4.log': No such file or directory
rm: cannot remove 'box_loc_4.bionj': No such file or directory
rm: cannot remove 'box_loc_4.mldist': No such file or directory
rm: cannot remove 'box_loc_3.iqtree': No such file or directory
rm: cannot remove 'box_loc_3.model*': No such file or directory
rm: cannot remove 'box_loc_3.log': No such file or directory
rm: cannot remove 'box_loc_3.bionj': No such file or directory
rm: cannot remove 'box_loc_3.mldist': No such file or directory
